<?xml version="1.0" encoding="UTF-8"?>
<testsuite name="com.interview.truecaller.WarnsdorffHeuristicTieBreakerTest" tests="3" skipped="0" failures="0" errors="0" timestamp="2019-07-11T04:04:02" hostname="Vipins-MacBook-Pro.local" time="0.001">
  <properties/>
  <testcase name="TestEdgePointNextMove" classname="com.interview.truecaller.WarnsdorffHeuristicTieBreakerTest" time="0.0"/>
  <testcase name="TestEdgePointNullNextMove" classname="com.interview.truecaller.WarnsdorffHeuristicTieBreakerTest" time="0.0"/>
  <testcase name="TestTieBreakerNextMove" classname="com.interview.truecaller.WarnsdorffHeuristicTieBreakerTest" time="0.001"/>
  <system-out><![CDATA[]]></system-out>
  <system-err><![CDATA[]]></system-err>
</testsuite>
